[debug] [2025-05-20T19:20:33.007Z] ----------------------------------------------------------------------
[debug] [2025-05-20T19:20:33.010Z] Command:       /opt/homebrew/Cellar/node/23.4.0/bin/node /opt/homebrew/bin/firebase hosting:channel:deploy v2
[debug] [2025-05-20T19:20:33.010Z] CLI Version:   14.1.0
[debug] [2025-05-20T19:20:33.010Z] Platform:      darwin
[debug] [2025-05-20T19:20:33.010Z] Node Version:  v23.4.0
[debug] [2025-05-20T19:20:33.010Z] Time:          Tue May 20 2025 15:20:33 GMT-0400 (Eastern Daylight Time)
[debug] [2025-05-20T19:20:33.010Z] ----------------------------------------------------------------------
[debug] 
[debug] [2025-05-20T19:20:33.113Z] > command requires scopes: ["email","openid","https://www.googleapis.com/auth/cloudplatformprojects.readonly","https://www.googleapis.com/auth/firebase","https://www.googleapis.com/auth/cloud-platform"]
[debug] [2025-05-20T19:20:33.113Z] > authorizing via signed-in user (xiiicheen@gmail.com)
[debug] [2025-05-20T19:20:33.113Z] [iam] checking project birbsquiz for permissions ["firebase.projects.get","firebasehosting.sites.update"]
[debug] [2025-05-20T19:20:33.114Z] Checked if tokens are valid: true, expires at: 1747772204583
[debug] [2025-05-20T19:20:33.114Z] Checked if tokens are valid: true, expires at: 1747772204583
[debug] [2025-05-20T19:20:33.114Z] >>> [apiv2][query] POST https://cloudresourcemanager.googleapis.com/v1/projects/birbsquiz:testIamPermissions [none]
[debug] [2025-05-20T19:20:33.114Z] >>> [apiv2][(partial)header] POST https://cloudresourcemanager.googleapis.com/v1/projects/birbsquiz:testIamPermissions x-goog-quota-user=projects/birbsquiz
[debug] [2025-05-20T19:20:33.114Z] >>> [apiv2][body] POST https://cloudresourcemanager.googleapis.com/v1/projects/birbsquiz:testIamPermissions {"permissions":["firebase.projects.get","firebasehosting.sites.update"]}
[debug] [2025-05-20T19:20:33.935Z] <<< [apiv2][status] POST https://cloudresourcemanager.googleapis.com/v1/projects/birbsquiz:testIamPermissions 200
[debug] [2025-05-20T19:20:33.935Z] <<< [apiv2][body] POST https://cloudresourcemanager.googleapis.com/v1/projects/birbsquiz:testIamPermissions {"permissions":["firebase.projects.get","firebasehosting.sites.update"]}
[debug] [2025-05-20T19:20:33.935Z] Checked if tokens are valid: true, expires at: 1747772204583
[debug] [2025-05-20T19:20:33.935Z] Checked if tokens are valid: true, expires at: 1747772204583
[debug] [2025-05-20T19:20:33.936Z] >>> [apiv2][query] GET https://firebase.googleapis.com/v1beta1/projects/birbsquiz [none]
[debug] [2025-05-20T19:21:03.951Z] *** [apiv2] error from fetch(https://firebase.googleapis.com/v1beta1/projects/birbsquiz, {"headers":{},"method":"GET","signal":{}}): AbortError: The user aborted a request.
[debug] [2025-05-20T19:21:03.951Z] Timeout reached making request to https://firebase.googleapis.com/v1beta1/projects/birbsquiz (original: The user aborted a request.)
[debug] [2025-05-20T19:21:04.777Z] FirebaseError: Timeout reached making request to https://firebase.googleapis.com/v1beta1/projects/birbsquiz
    at RetryOperation._fn (/opt/homebrew/lib/node_modules/firebase-tools/lib/apiv2.js:257:35)
    at process.processTicksAndRejections (node:internal/process/task_queues:105:5)
[error] 
[error] Error: Failed to get Firebase project birbsquiz. Please make sure the project exists and your account has permission to access it.
